      data            prod            zona             area          sottoarea         vendite        giorno_mese    
 Min.   :2014-01-01   1:125280   14     : 17400   4      :  6960   1      :  1740   Min.   : 0.000   1      :  8352  
 1st Qu.:2014-08-06   2:125280   18     : 13920   5      :  5220   2      :  1740   1st Qu.: 1.000   2      :  8352  
 Median :2015-03-11              8      : 12180   6      :  5220   3      :  1740   Median : 2.000   3      :  8352  
 Mean   :2015-03-11              22     : 12180   8      :  5220   4      :  1740   Mean   : 3.072   4      :  8352  
 3rd Qu.:2015-10-15              2      : 10440   9      :  5220   5      :  1740   3rd Qu.: 4.000   5      :  8352  
 Max.   :2016-05-19              3      : 10440   35     :  5220   6      :  1740   Max.   :61.000   6      :  8352  
                                 (Other):174000   (Other):217500   (Other):240120                    (Other):200448  
 giorno_settimana  giorno_anno          mese        settimana_anno     anno        weekend         stagione    
 1:35712          1      :   864   1      : 26784   1      :  6048   2014:105120   0:179136   autunno  :52416  
 2:35712          2      :   864   3      : 26784   2      :  6048   2015:105120   1: 71424   estate   :52992  
 3:36000          3      :   864   4      : 25920   3      :  6048   2016: 40320              inverno  :69120  
 4:36000          4      :   864   2      : 24480   4      :  6048                            primavera:76032  
 5:35712          5      :   864   5      : 23328   5      :  6048                                             
 6:35712          6      :   864   7      : 17856   6      :  6048                                             
 7:35712          (Other):245376   (Other):105408   (Other):214272                                             
       key         primo_del_mese    sp_anno          sp_mese        sp_settimana     vendite_missing   latitudine   
 1-1-5   :  1740   0:242208       Min.   :   0.0   Min.   :  0.00   Min.   :  0.000   0:248256        Min.   :36.96  
 1-1-6   :  1740   1:  8352       1st Qu.: 127.0   1st Qu.: 11.00   1st Qu.:  2.000   1:  2304        1st Qu.:40.88  
 1-2-7   :  1740                  Median : 337.0   Median : 30.00   Median :  6.000                   Median :43.52  
 1-2-8   :  1740                  Mean   : 492.6   Mean   : 44.31   Mean   :  9.157                   Mean   :42.85  
 10-23-22:  1740                  3rd Qu.: 689.0   3rd Qu.: 63.00   3rd Qu.: 13.000                   3rd Qu.:45.27  
 10-23-23:  1740                  Max.   :3850.0   Max.   :387.00   Max.   :146.000                   Max.   :46.65  
 (Other) :240120                                                                                                     
  longitudine     cluster3   cluster6    cluster20      vacanza    vendite_giorn_prod vendite_giorn_tot
 Min.   : 7.387   1:116580   1:27840   10     : 33060   0:241920   Min.   :   1.0     Min.   :   5.0   
 1st Qu.: 9.472   2: 62640   2:66120   17     : 20880   1:  8640   1st Qu.: 213.8     1st Qu.: 458.0   
 Median :12.133   3: 71340   3:34800   2      : 19140              Median : 381.0     Median :1028.5   
 Mean   :11.996              4:40020   7      : 17400              Mean   : 442.4     Mean   : 884.7   
 3rd Qu.:14.120              5:59160   18     : 17400              3rd Qu.: 715.2     3rd Qu.:1256.0   
 Max.   :18.222              6:22620   11     : 15660              Max.   :1187.0     Max.   :1801.0   
                                       (Other):127020                                                  
package ‘normwhn.test’ successfully unpacked and MD5 sums checked
package ‘nortest’ successfully unpacked and MD5 sums checked
package ‘nortestARMA’ successfully unpacked and MD5 sums checked

The downloaded binary packages are in
	C:\Users\Ripamonti\AppData\Local\Temp\RtmpWGWKEI\downloaded_packages
Growing trees.. Progress: 4%. Estimated remaining time: 11 minutes, 53 seconds.
Growing trees.. Progress: 8%. Estimated remaining time: 11 minutes, 22 seconds.
Growing trees.. Progress: 13%. Estimated remaining time: 10 minutes, 46 seconds.
Growing trees.. Progress: 17%. Estimated remaining time: 10 minutes, 21 seconds.
Growing trees.. Progress: 21%. Estimated remaining time: 9 minutes, 52 seconds.
Growing trees.. Progress: 25%. Estimated remaining time: 9 minutes, 16 seconds.
Growing trees.. Progress: 30%. Estimated remaining time: 8 minutes, 39 seconds.
Growing trees.. Progress: 34%. Estimated remaining time: 8 minutes, 5 seconds.
Growing trees.. Progress: 38%. Estimated remaining time: 7 minutes, 33 seconds.
Growing trees.. Progress: 43%. Estimated remaining time: 6 minutes, 50 seconds.
Growing trees.. Progress: 48%. Estimated remaining time: 6 minutes, 15 seconds.
Growing trees.. Progress: 52%. Estimated remaining time: 5 minutes, 45 seconds.
Growing trees.. Progress: 56%. Estimated remaining time: 5 minutes, 17 seconds.
Growing trees.. Progress: 61%. Estimated remaining time: 4 minutes, 46 seconds.
Growing trees.. Progress: 65%. Estimated remaining time: 4 minutes, 15 seconds.
Growing trees.. Progress: 69%. Estimated remaining time: 3 minutes, 45 seconds.
Growing trees.. Progress: 73%. Estimated remaining time: 3 minutes, 14 seconds.
Growing trees.. Progress: 78%. Estimated remaining time: 2 minutes, 43 seconds.
Growing trees.. Progress: 82%. Estimated remaining time: 2 minutes, 13 seconds.
Growing trees.. Progress: 86%. Estimated remaining time: 1 minute, 44 seconds.
Growing trees.. Progress: 90%. Estimated remaining time: 1 minute, 13 seconds.
Growing trees.. Progress: 94%. Estimated remaining time: 42 seconds.
Growing trees.. Progress: 98%. Estimated remaining time: 11 seconds.
Predicting.. Progress: 73%. Estimated remaining time: 11 seconds.
RSQUARED:  0.8220071 
OUT OF BAG ERROR:  1.771598 
SSE:  2.179245 
MAPE:  0.2865883 
MAX APE:  4.188574 
Growing trees.. Progress: 4%. Estimated remaining time: 13 minutes, 54 seconds.
Growing trees.. Progress: 7%. Estimated remaining time: 12 minutes, 53 seconds.
Growing trees.. Progress: 11%. Estimated remaining time: 12 minutes, 40 seconds.
Growing trees.. Progress: 15%. Estimated remaining time: 12 minutes, 2 seconds.
Growing trees.. Progress: 18%. Estimated remaining time: 11 minutes, 34 seconds.
Growing trees.. Progress: 22%. Estimated remaining time: 11 minutes, 6 seconds.
Growing trees.. Progress: 26%. Estimated remaining time: 10 minutes, 37 seconds.
Growing trees.. Progress: 29%. Estimated remaining time: 10 minutes, 9 seconds.
Growing trees.. Progress: 33%. Estimated remaining time: 9 minutes, 39 seconds.
Growing trees.. Progress: 36%. Estimated remaining time: 9 minutes, 10 seconds.
Growing trees.. Progress: 40%. Estimated remaining time: 8 minutes, 39 seconds.
Growing trees.. Progress: 43%. Estimated remaining time: 8 minutes, 10 seconds.
Growing trees.. Progress: 47%. Estimated remaining time: 7 minutes, 40 seconds.
Growing trees.. Progress: 50%. Estimated remaining time: 7 minutes, 10 seconds.
Growing trees.. Progress: 54%. Estimated remaining time: 6 minutes, 40 seconds.
Growing trees.. Progress: 57%. Estimated remaining time: 6 minutes, 11 seconds.
Growing trees.. Progress: 61%. Estimated remaining time: 5 minutes, 40 seconds.
Growing trees.. Progress: 65%. Estimated remaining time: 5 minutes, 8 seconds.
Growing trees.. Progress: 68%. Estimated remaining time: 4 minutes, 38 seconds.
Growing trees.. Progress: 72%. Estimated remaining time: 4 minutes, 7 seconds.
Growing trees.. Progress: 75%. Estimated remaining time: 3 minutes, 38 seconds.
Growing trees.. Progress: 79%. Estimated remaining time: 3 minutes, 7 seconds.
Growing trees.. Progress: 82%. Estimated remaining time: 2 minutes, 37 seconds.
Growing trees.. Progress: 86%. Estimated remaining time: 2 minutes, 6 seconds.
Growing trees.. Progress: 89%. Estimated remaining time: 1 minute, 35 seconds.
Growing trees.. Progress: 93%. Estimated remaining time: 1 minute, 3 seconds.
Growing trees.. Progress: 96%. Estimated remaining time: 32 seconds.
Growing trees.. Progress: 100%. Estimated remaining time: 2 seconds.
Predicting.. Progress: 62%. Estimated remaining time: 18 seconds.
RSQUARED:  0.8221758 
OUT OF BAG ERROR:  1.772141 
SSE:  16.2689 
MAPE:  Inf 
MAX APE:  Inf 
